mode: set
github.com/giuliano-macedo/go-bruno-collection/internal/bru/writer.go:13.26,17.2 1 0
github.com/giuliano-macedo/go-bruno-collection/internal/bru/writer.go:19.38,21.2 1 0
github.com/giuliano-macedo/go-bruno-collection/internal/bru/writer.go:23.89,24.16 1 0
github.com/giuliano-macedo/go-bruno-collection/internal/bru/writer.go:24.16,26.3 1 0
github.com/giuliano-macedo/go-bruno-collection/internal/bru/writer.go:26.8,28.3 1 0
github.com/giuliano-macedo/go-bruno-collection/internal/bru/writer.go:29.2,30.37 2 0
github.com/giuliano-macedo/go-bruno-collection/internal/bru/writer.go:33.80,34.27 1 0
github.com/giuliano-macedo/go-bruno-collection/internal/bru/writer.go:34.27,36.3 1 0
github.com/giuliano-macedo/go-bruno-collection/internal/bru/writer.go:37.2,37.16 1 0
github.com/giuliano-macedo/go-bruno-collection/internal/bru/writer.go:37.16,39.3 1 0
github.com/giuliano-macedo/go-bruno-collection/internal/bru/writer.go:39.8,41.3 1 0
github.com/giuliano-macedo/go-bruno-collection/internal/bru/writer.go:42.2,42.36 1 0
github.com/giuliano-macedo/go-bruno-collection/internal/bru/writer.go:42.36,44.30 2 0
github.com/giuliano-macedo/go-bruno-collection/internal/bru/writer.go:44.30,46.4 1 0
github.com/giuliano-macedo/go-bruno-collection/internal/bru/writer.go:47.3,47.53 1 0
github.com/giuliano-macedo/go-bruno-collection/internal/bru/writer.go:49.2,49.37 1 0
github.com/giuliano-macedo/go-bruno-collection/internal/bru/writer.go:52.53,54.2 1 0
github.com/giuliano-macedo/go-bruno-collection/internal/bru/writer.go:56.77,57.14 1 0
github.com/giuliano-macedo/go-bruno-collection/internal/bru/writer.go:57.14,59.3 1 0
github.com/giuliano-macedo/go-bruno-collection/internal/bru/writer.go:60.2,60.31 1 0
github.com/giuliano-macedo/go-bruno-collection/internal/bru/writer.go:63.67,64.49 1 0
github.com/giuliano-macedo/go-bruno-collection/internal/bru/writer.go:64.49,67.3 2 0
github.com/giuliano-macedo/go-bruno-collection/pkg/bruno/bru_methods.go:10.71,11.20 1 0
github.com/giuliano-macedo/go-bruno-collection/pkg/bruno/bru_methods.go:11.20,13.3 1 0
github.com/giuliano-macedo/go-bruno-collection/pkg/bruno/bru_methods.go:14.2,14.55 1 0
github.com/giuliano-macedo/go-bruno-collection/pkg/bruno/bru_methods.go:14.55,15.31 1 0
github.com/giuliano-macedo/go-bruno-collection/pkg/bruno/bru_methods.go:15.31,17.4 1 0
github.com/giuliano-macedo/go-bruno-collection/pkg/bruno/bru_methods.go:21.57,22.23 1 0
github.com/giuliano-macedo/go-bruno-collection/pkg/bruno/bru_methods.go:22.23,24.3 1 0
github.com/giuliano-macedo/go-bruno-collection/pkg/bruno/bru_methods.go:25.2,25.56 1 0
github.com/giuliano-macedo/go-bruno-collection/pkg/bruno/bru_methods.go:25.56,26.34 1 0
github.com/giuliano-macedo/go-bruno-collection/pkg/bruno/bru_methods.go:26.34,28.4 1 0
github.com/giuliano-macedo/go-bruno-collection/pkg/bruno/bru_methods.go:32.47,33.19 1 0
github.com/giuliano-macedo/go-bruno-collection/pkg/bruno/bru_methods.go:34.14,34.14 0 0
github.com/giuliano-macedo/go-bruno-collection/pkg/bruno/bru_methods.go:36.2,37.58 2 0
github.com/giuliano-macedo/go-bruno-collection/pkg/bruno/bru_methods.go:37.58,40.3 2 0
github.com/giuliano-macedo/go-bruno-collection/pkg/bruno/bru_methods.go:41.2,41.59 1 0
github.com/giuliano-macedo/go-bruno-collection/pkg/bruno/bru_methods.go:41.59,43.3 1 0
github.com/giuliano-macedo/go-bruno-collection/pkg/bruno/bru_methods.go:46.41,47.14 1 0
github.com/giuliano-macedo/go-bruno-collection/pkg/bruno/bru_methods.go:48.22,49.16 1 0
github.com/giuliano-macedo/go-bruno-collection/pkg/bruno/bru_methods.go:51.2,51.13 1 0
github.com/giuliano-macedo/go-bruno-collection/pkg/bruno/bru_methods.go:54.53,55.16 1 0
github.com/giuliano-macedo/go-bruno-collection/pkg/bruno/bru_methods.go:55.16,57.3 1 0
github.com/giuliano-macedo/go-bruno-collection/pkg/bruno/bru_methods.go:59.2,59.74 1 0
github.com/giuliano-macedo/go-bruno-collection/pkg/bruno/bru_methods.go:59.74,63.3 3 0
github.com/giuliano-macedo/go-bruno-collection/pkg/bruno/bru_methods.go:65.2,68.52 3 0
github.com/giuliano-macedo/go-bruno-collection/pkg/bruno/bru_methods.go:68.52,70.3 1 0
github.com/giuliano-macedo/go-bruno-collection/pkg/bruno/bru_methods.go:71.2,73.26 3 0
github.com/giuliano-macedo/go-bruno-collection/pkg/bruno/bru_methods.go:73.26,75.3 1 0
github.com/giuliano-macedo/go-bruno-collection/pkg/bruno/bru_methods.go:76.2,76.26 1 0
github.com/giuliano-macedo/go-bruno-collection/pkg/bruno/bru_methods.go:76.26,78.3 1 0
github.com/giuliano-macedo/go-bruno-collection/pkg/bruno/bru_methods.go:79.2,79.20 1 0
github.com/giuliano-macedo/go-bruno-collection/pkg/bruno/bru_methods.go:79.20,81.3 1 0
github.com/giuliano-macedo/go-bruno-collection/pkg/bruno/bru_methods.go:84.60,86.53 2 0
github.com/giuliano-macedo/go-bruno-collection/pkg/bruno/bru_methods.go:86.53,87.42 1 0
github.com/giuliano-macedo/go-bruno-collection/pkg/bruno/bru_methods.go:87.42,88.23 1 0
github.com/giuliano-macedo/go-bruno-collection/pkg/bruno/bru_methods.go:88.23,90.5 1 0
github.com/giuliano-macedo/go-bruno-collection/pkg/bruno/bru_methods.go:90.10,92.5 1 0
github.com/giuliano-macedo/go-bruno-collection/pkg/bruno/bru_methods.go:95.2,95.56 1 0
github.com/giuliano-macedo/go-bruno-collection/pkg/bruno/bru_methods.go:98.46,99.21 1 0
github.com/giuliano-macedo/go-bruno-collection/pkg/bruno/bru_methods.go:99.21,101.3 1 0
github.com/giuliano-macedo/go-bruno-collection/pkg/bruno/bru_methods.go:103.2,104.53 2 0
github.com/giuliano-macedo/go-bruno-collection/pkg/bruno/bru_methods.go:104.53,108.3 3 0
github.com/giuliano-macedo/go-bruno-collection/pkg/bruno/bru_methods.go:110.2,112.23 2 0
github.com/giuliano-macedo/go-bruno-collection/pkg/bruno/bru_methods.go:115.45,121.2 3 0
github.com/giuliano-macedo/go-bruno-collection/pkg/bruno/bru_methods.go:123.51,126.27 2 0
github.com/giuliano-macedo/go-bruno-collection/pkg/bruno/bru_methods.go:126.27,128.3 1 0
github.com/giuliano-macedo/go-bruno-collection/pkg/bruno/bru_methods.go:129.2,129.23 1 0
github.com/giuliano-macedo/go-bruno-collection/pkg/bruno/bru_tar_file.go:10.81,16.51 2 0
github.com/giuliano-macedo/go-bruno-collection/pkg/bruno/bru_tar_file.go:16.51,18.3 1 0
github.com/giuliano-macedo/go-bruno-collection/pkg/bruno/bru_tar_file.go:19.2,20.12 2 0
github.com/giuliano-macedo/go-bruno-collection/pkg/bruno/bru_tar_file.go:23.78,24.29 1 0
github.com/giuliano-macedo/go-bruno-collection/pkg/bruno/bru_tar_file.go:24.29,26.16 2 0
github.com/giuliano-macedo/go-bruno-collection/pkg/bruno/bru_tar_file.go:26.16,28.4 1 0
github.com/giuliano-macedo/go-bruno-collection/pkg/bruno/bru_tar_file.go:29.3,29.22 1 0
github.com/giuliano-macedo/go-bruno-collection/pkg/bruno/bru_tar_file.go:29.22,30.73 1 0
github.com/giuliano-macedo/go-bruno-collection/pkg/bruno/bru_tar_file.go:30.73,32.5 1 0
github.com/giuliano-macedo/go-bruno-collection/pkg/bruno/bru_tar_file.go:33.4,33.12 1 0
github.com/giuliano-macedo/go-bruno-collection/pkg/bruno/bru_tar_file.go:35.3,35.85 1 0
github.com/giuliano-macedo/go-bruno-collection/pkg/bruno/bru_tar_file.go:35.85,37.4 1 0
github.com/giuliano-macedo/go-bruno-collection/pkg/bruno/bru_tar_file.go:39.2,39.12 1 0
github.com/giuliano-macedo/go-bruno-collection/pkg/bruno/bru_tar_file.go:42.74,48.16 2 0
github.com/giuliano-macedo/go-bruno-collection/pkg/bruno/bru_tar_file.go:48.16,50.3 1 0
github.com/giuliano-macedo/go-bruno-collection/pkg/bruno/bru_tar_file.go:51.2,51.81 1 0
github.com/giuliano-macedo/go-bruno-collection/pkg/bruno/bru_tar_file.go:51.81,53.3 1 0
github.com/giuliano-macedo/go-bruno-collection/pkg/bruno/bru_tar_file.go:54.2,54.12 1 0
github.com/giuliano-macedo/go-bruno-collection/pkg/bruno/bru_tar_file.go:57.69,58.27 1 0
github.com/giuliano-macedo/go-bruno-collection/pkg/bruno/bru_tar_file.go:58.27,59.107 1 0
github.com/giuliano-macedo/go-bruno-collection/pkg/bruno/bru_tar_file.go:59.107,61.4 1 0
github.com/giuliano-macedo/go-bruno-collection/pkg/bruno/bru_tar_file.go:63.2,63.12 1 0
github.com/giuliano-macedo/go-bruno-collection/pkg/bruno/bru_tar_file.go:66.66,68.82 2 0
github.com/giuliano-macedo/go-bruno-collection/pkg/bruno/bru_tar_file.go:68.82,70.3 1 0
github.com/giuliano-macedo/go-bruno-collection/pkg/bruno/bru_tar_file.go:72.2,72.74 1 0
github.com/giuliano-macedo/go-bruno-collection/pkg/bruno/bru_tar_file.go:72.74,74.3 1 0
github.com/giuliano-macedo/go-bruno-collection/pkg/bruno/bru_tar_file.go:76.2,76.67 1 0
github.com/giuliano-macedo/go-bruno-collection/pkg/bruno/bru_tar_file.go:76.67,78.3 1 0
github.com/giuliano-macedo/go-bruno-collection/pkg/bruno/bru_tar_file.go:80.2,80.27 1 0
github.com/giuliano-macedo/go-bruno-collection/pkg/bruno/bru_tar_file.go:80.27,81.88 1 0
github.com/giuliano-macedo/go-bruno-collection/pkg/bruno/bru_tar_file.go:81.88,83.4 1 0
github.com/giuliano-macedo/go-bruno-collection/pkg/bruno/bru_tar_file.go:86.2,86.19 1 0
github.com/giuliano-macedo/go-bruno-collection/pkg/bruno/types.go:22.35,24.2 1 0
github.com/giuliano-macedo/go-bruno-collection/internal/bru/writer.go:13.26,17.2 1 1
github.com/giuliano-macedo/go-bruno-collection/internal/bru/writer.go:19.38,21.2 1 1
github.com/giuliano-macedo/go-bruno-collection/internal/bru/writer.go:23.89,24.16 1 1
github.com/giuliano-macedo/go-bruno-collection/internal/bru/writer.go:24.16,26.3 1 1
github.com/giuliano-macedo/go-bruno-collection/internal/bru/writer.go:26.8,28.3 1 1
github.com/giuliano-macedo/go-bruno-collection/internal/bru/writer.go:29.2,30.37 2 1
github.com/giuliano-macedo/go-bruno-collection/internal/bru/writer.go:33.80,34.27 1 1
github.com/giuliano-macedo/go-bruno-collection/internal/bru/writer.go:34.27,36.3 1 1
github.com/giuliano-macedo/go-bruno-collection/internal/bru/writer.go:37.2,37.16 1 1
github.com/giuliano-macedo/go-bruno-collection/internal/bru/writer.go:37.16,39.3 1 1
github.com/giuliano-macedo/go-bruno-collection/internal/bru/writer.go:39.8,41.3 1 0
github.com/giuliano-macedo/go-bruno-collection/internal/bru/writer.go:42.2,42.36 1 1
github.com/giuliano-macedo/go-bruno-collection/internal/bru/writer.go:42.36,44.30 2 1
github.com/giuliano-macedo/go-bruno-collection/internal/bru/writer.go:44.30,46.4 1 1
github.com/giuliano-macedo/go-bruno-collection/internal/bru/writer.go:47.3,47.53 1 1
github.com/giuliano-macedo/go-bruno-collection/internal/bru/writer.go:49.2,49.37 1 1
github.com/giuliano-macedo/go-bruno-collection/internal/bru/writer.go:52.53,54.2 1 1
github.com/giuliano-macedo/go-bruno-collection/internal/bru/writer.go:56.77,57.14 1 1
github.com/giuliano-macedo/go-bruno-collection/internal/bru/writer.go:57.14,59.3 1 1
github.com/giuliano-macedo/go-bruno-collection/internal/bru/writer.go:60.2,60.31 1 1
github.com/giuliano-macedo/go-bruno-collection/internal/bru/writer.go:63.67,64.49 1 1
github.com/giuliano-macedo/go-bruno-collection/internal/bru/writer.go:64.49,67.3 2 1
github.com/giuliano-macedo/go-bruno-collection/pkg/bruno/bru_methods.go:10.71,11.20 1 1
github.com/giuliano-macedo/go-bruno-collection/pkg/bruno/bru_methods.go:11.20,13.3 1 1
github.com/giuliano-macedo/go-bruno-collection/pkg/bruno/bru_methods.go:14.2,14.55 1 1
github.com/giuliano-macedo/go-bruno-collection/pkg/bruno/bru_methods.go:14.55,15.31 1 1
github.com/giuliano-macedo/go-bruno-collection/pkg/bruno/bru_methods.go:15.31,17.4 1 1
github.com/giuliano-macedo/go-bruno-collection/pkg/bruno/bru_methods.go:21.57,22.23 1 1
github.com/giuliano-macedo/go-bruno-collection/pkg/bruno/bru_methods.go:22.23,24.3 1 1
github.com/giuliano-macedo/go-bruno-collection/pkg/bruno/bru_methods.go:25.2,25.56 1 1
github.com/giuliano-macedo/go-bruno-collection/pkg/bruno/bru_methods.go:25.56,26.34 1 1
github.com/giuliano-macedo/go-bruno-collection/pkg/bruno/bru_methods.go:26.34,28.4 1 1
github.com/giuliano-macedo/go-bruno-collection/pkg/bruno/bru_methods.go:32.47,33.19 1 1
github.com/giuliano-macedo/go-bruno-collection/pkg/bruno/bru_methods.go:34.14,34.14 0 1
github.com/giuliano-macedo/go-bruno-collection/pkg/bruno/bru_methods.go:36.2,37.58 2 1
github.com/giuliano-macedo/go-bruno-collection/pkg/bruno/bru_methods.go:37.58,40.3 2 1
github.com/giuliano-macedo/go-bruno-collection/pkg/bruno/bru_methods.go:41.2,41.59 1 1
github.com/giuliano-macedo/go-bruno-collection/pkg/bruno/bru_methods.go:41.59,43.3 1 1
github.com/giuliano-macedo/go-bruno-collection/pkg/bruno/bru_methods.go:46.41,47.14 1 1
github.com/giuliano-macedo/go-bruno-collection/pkg/bruno/bru_methods.go:48.22,49.16 1 1
github.com/giuliano-macedo/go-bruno-collection/pkg/bruno/bru_methods.go:51.2,51.13 1 1
github.com/giuliano-macedo/go-bruno-collection/pkg/bruno/bru_methods.go:54.53,55.16 1 1
github.com/giuliano-macedo/go-bruno-collection/pkg/bruno/bru_methods.go:55.16,57.3 1 1
github.com/giuliano-macedo/go-bruno-collection/pkg/bruno/bru_methods.go:59.2,59.74 1 1
github.com/giuliano-macedo/go-bruno-collection/pkg/bruno/bru_methods.go:59.74,63.3 3 1
github.com/giuliano-macedo/go-bruno-collection/pkg/bruno/bru_methods.go:65.2,68.52 3 1
github.com/giuliano-macedo/go-bruno-collection/pkg/bruno/bru_methods.go:68.52,70.3 1 1
github.com/giuliano-macedo/go-bruno-collection/pkg/bruno/bru_methods.go:71.2,73.26 3 1
github.com/giuliano-macedo/go-bruno-collection/pkg/bruno/bru_methods.go:73.26,75.3 1 1
github.com/giuliano-macedo/go-bruno-collection/pkg/bruno/bru_methods.go:76.2,76.26 1 1
github.com/giuliano-macedo/go-bruno-collection/pkg/bruno/bru_methods.go:76.26,78.3 1 1
github.com/giuliano-macedo/go-bruno-collection/pkg/bruno/bru_methods.go:79.2,79.20 1 1
github.com/giuliano-macedo/go-bruno-collection/pkg/bruno/bru_methods.go:79.20,81.3 1 1
github.com/giuliano-macedo/go-bruno-collection/pkg/bruno/bru_methods.go:84.60,86.53 2 1
github.com/giuliano-macedo/go-bruno-collection/pkg/bruno/bru_methods.go:86.53,87.42 1 1
github.com/giuliano-macedo/go-bruno-collection/pkg/bruno/bru_methods.go:87.42,88.23 1 1
github.com/giuliano-macedo/go-bruno-collection/pkg/bruno/bru_methods.go:88.23,90.5 1 1
github.com/giuliano-macedo/go-bruno-collection/pkg/bruno/bru_methods.go:90.10,92.5 1 1
github.com/giuliano-macedo/go-bruno-collection/pkg/bruno/bru_methods.go:95.2,95.56 1 1
github.com/giuliano-macedo/go-bruno-collection/pkg/bruno/bru_methods.go:98.46,99.21 1 1
github.com/giuliano-macedo/go-bruno-collection/pkg/bruno/bru_methods.go:99.21,101.3 1 1
github.com/giuliano-macedo/go-bruno-collection/pkg/bruno/bru_methods.go:103.2,104.53 2 1
github.com/giuliano-macedo/go-bruno-collection/pkg/bruno/bru_methods.go:104.53,108.3 3 1
github.com/giuliano-macedo/go-bruno-collection/pkg/bruno/bru_methods.go:110.2,112.23 2 1
github.com/giuliano-macedo/go-bruno-collection/pkg/bruno/bru_methods.go:115.45,121.2 3 1
github.com/giuliano-macedo/go-bruno-collection/pkg/bruno/bru_methods.go:123.51,126.27 2 1
github.com/giuliano-macedo/go-bruno-collection/pkg/bruno/bru_methods.go:126.27,128.3 1 1
github.com/giuliano-macedo/go-bruno-collection/pkg/bruno/bru_methods.go:129.2,129.23 1 1
github.com/giuliano-macedo/go-bruno-collection/pkg/bruno/bru_tar_file.go:10.81,16.51 2 1
github.com/giuliano-macedo/go-bruno-collection/pkg/bruno/bru_tar_file.go:16.51,18.3 1 0
github.com/giuliano-macedo/go-bruno-collection/pkg/bruno/bru_tar_file.go:19.2,20.12 2 1
github.com/giuliano-macedo/go-bruno-collection/pkg/bruno/bru_tar_file.go:23.78,24.29 1 1
github.com/giuliano-macedo/go-bruno-collection/pkg/bruno/bru_tar_file.go:24.29,26.16 2 1
github.com/giuliano-macedo/go-bruno-collection/pkg/bruno/bru_tar_file.go:26.16,28.4 1 1
github.com/giuliano-macedo/go-bruno-collection/pkg/bruno/bru_tar_file.go:29.3,29.22 1 1
github.com/giuliano-macedo/go-bruno-collection/pkg/bruno/bru_tar_file.go:29.22,30.73 1 1
github.com/giuliano-macedo/go-bruno-collection/pkg/bruno/bru_tar_file.go:30.73,32.5 1 0
github.com/giuliano-macedo/go-bruno-collection/pkg/bruno/bru_tar_file.go:33.4,33.12 1 1
github.com/giuliano-macedo/go-bruno-collection/pkg/bruno/bru_tar_file.go:35.3,35.85 1 1
github.com/giuliano-macedo/go-bruno-collection/pkg/bruno/bru_tar_file.go:35.85,37.4 1 0
github.com/giuliano-macedo/go-bruno-collection/pkg/bruno/bru_tar_file.go:39.2,39.12 1 1
github.com/giuliano-macedo/go-bruno-collection/pkg/bruno/bru_tar_file.go:42.74,48.16 2 1
github.com/giuliano-macedo/go-bruno-collection/pkg/bruno/bru_tar_file.go:48.16,50.3 1 0
github.com/giuliano-macedo/go-bruno-collection/pkg/bruno/bru_tar_file.go:51.2,51.81 1 1
github.com/giuliano-macedo/go-bruno-collection/pkg/bruno/bru_tar_file.go:51.81,53.3 1 0
github.com/giuliano-macedo/go-bruno-collection/pkg/bruno/bru_tar_file.go:54.2,54.12 1 1
github.com/giuliano-macedo/go-bruno-collection/pkg/bruno/bru_tar_file.go:57.69,58.27 1 1
github.com/giuliano-macedo/go-bruno-collection/pkg/bruno/bru_tar_file.go:58.27,59.107 1 1
github.com/giuliano-macedo/go-bruno-collection/pkg/bruno/bru_tar_file.go:59.107,61.4 1 0
github.com/giuliano-macedo/go-bruno-collection/pkg/bruno/bru_tar_file.go:63.2,63.12 1 1
github.com/giuliano-macedo/go-bruno-collection/pkg/bruno/bru_tar_file.go:66.66,68.82 2 1
github.com/giuliano-macedo/go-bruno-collection/pkg/bruno/bru_tar_file.go:68.82,70.3 1 0
github.com/giuliano-macedo/go-bruno-collection/pkg/bruno/bru_tar_file.go:72.2,72.74 1 1
github.com/giuliano-macedo/go-bruno-collection/pkg/bruno/bru_tar_file.go:72.74,74.3 1 0
github.com/giuliano-macedo/go-bruno-collection/pkg/bruno/bru_tar_file.go:76.2,76.67 1 1
github.com/giuliano-macedo/go-bruno-collection/pkg/bruno/bru_tar_file.go:76.67,78.3 1 0
github.com/giuliano-macedo/go-bruno-collection/pkg/bruno/bru_tar_file.go:80.2,80.27 1 1
github.com/giuliano-macedo/go-bruno-collection/pkg/bruno/bru_tar_file.go:80.27,81.88 1 1
github.com/giuliano-macedo/go-bruno-collection/pkg/bruno/bru_tar_file.go:81.88,83.4 1 0
github.com/giuliano-macedo/go-bruno-collection/pkg/bruno/bru_tar_file.go:86.2,86.19 1 1
github.com/giuliano-macedo/go-bruno-collection/pkg/bruno/types.go:22.35,24.2 1 1
github.com/giuliano-macedo/go-bruno-collection/test/testdata/bru/fs.go:13.56,17.2 3 1
github.com/giuliano-macedo/go-bruno-collection/test/testdata/json/fs.go:13.49,17.2 3 1
